2017-08-27 13:25:43,944 tripit.py INFO debugrun 619 Running 'debugrun' function...
2017-08-27 13:25:43,944 tripit.py DEBUG debugrun 651 budget - 4000
2017-08-27 13:25:43,944 tripit.py INFO recommend 447 Running recommend...
2017-08-27 13:25:43,944 tripit.py INFO recommend 525 Getting flavour scores for induvidual cities
2017-08-27 13:25:43,965 tripit.py INFO recommend 542 Yelp city - Phoenix categorycount - {'food': '12', 'restaurants': '31', 'localflavor': '1', 'bars': '3', 'nightlife': '2', 'arts': '1'}
2017-08-27 13:25:43,983 tripit.py INFO recommend 570 yelpcity - Phoenix, flavourscore - 0
2017-08-27 13:25:43,983 tripit.py INFO recommend 542 Yelp city - Scottsdale categorycount - {'restaurants': '31', 'food': '13', 'active': '1', 'gourmet': '1', 'bars': '4'}
2017-08-27 13:25:43,989 tripit.py INFO recommend 570 yelpcity - Scottsdale, flavourscore - 1
2017-08-27 13:25:43,989 tripit.py INFO recommend 542 Yelp city - Tempe categorycount - {'food': '12', 'restaurants': '34', 'active': '1', 'bars': '1', 'eventservices': '1', 'nightlife': '1'}
2017-08-27 13:25:43,995 tripit.py INFO recommend 570 yelpcity - Tempe, flavourscore - 1
2017-08-27 13:25:43,996 tripit.py INFO recommend 542 Yelp city - Tucson categorycount - {'nightlife': '1', 'restaurants': '34', 'bars': '3', 'food': '11'}
2017-08-27 13:25:44,000 tripit.py INFO recommend 570 yelpcity - Tucson, flavourscore - 0
2017-08-27 13:25:44,000 tripit.py INFO recommend 542 Yelp city - Alameda categorycount - {'food': '7', 'restaurants': '36', 'active': '2', 'chinese': '1', 'bars': '2', 'nightlife': '1', 'homeservices': '1'}
2017-08-27 13:25:44,007 tripit.py INFO recommend 570 yelpcity - Alameda, flavourscore - 2
2017-08-27 13:25:44,007 tripit.py INFO recommend 542 Yelp city - Albany categorycount - {'restaurants': '35', 'food': '11', 'localflavor': '1', 'bars': '1', 'gourmet': '2'}
2017-08-27 13:25:44,013 tripit.py INFO recommend 570 yelpcity - Albany, flavourscore - 0
2017-08-27 13:25:44,013 tripit.py INFO recommend 542 Yelp city - Alhambra categorycount - {'food': '6', 'petservices': '1', 'chinese': '1', 'bars': '2', 'shopping': '2', 'auto': '2', 'restaurants': '31', 'homeservices': '1', 'japanese': '3', 'health': '1'}
2017-08-27 13:25:44,023 tripit.py INFO recommend 570 yelpcity - Alhambra, flavourscore - 0
2017-08-27 13:25:44,024 tripit.py INFO recommend 542 Yelp city - Anaheim categorycount - {'food': '9', 'restaurants': '35', 'bars': '1', 'nightlife': '2', 'gourmet': '1', 'arts': '1', 'publicservicesgovt': '1'}
2017-08-27 13:25:44,032 tripit.py INFO recommend 570 yelpcity - Anaheim, flavourscore - 0
2017-08-27 13:25:44,032 tripit.py INFO recommend 542 Yelp city - Belmont categorycount - {'active': '1', 'fitness': '2', 'beautysvc': '1', 'education': '1', 'homeservices': '1', 'photographers': '2', 'localservices': '1', 'food': '2', 'auto': '5', 'chinese': '1', 'flowers': '1', 'restaurants': '25', 'bars': '2', 'health': '4'}
2017-08-27 13:25:44,050 tripit.py INFO recommend 570 yelpcity - Belmont, flavourscore - 1
2017-08-27 13:25:44,050 tripit.py INFO recommend 542 Yelp city - Berkeley categorycount - {'food': '12', 'active': '1', 'bars': '2', 'restaurants': '33', 'gourmet': '1', 'publicservicesgovt': '1'}
2017-08-27 13:25:44,057 tripit.py INFO recommend 570 yelpcity - Berkeley, flavourscore - 1
2017-08-27 13:25:44,057 tripit.py INFO recommend 542 Yelp city - Beverly Hills categorycount - {'food': '6', 'restaurants': '35', 'active': '3', 'bars': '3', 'nightlife': '1', 'gourmet': '1'}
2017-08-27 13:25:44,068 tripit.py INFO recommend 570 yelpcity - Beverly Hills, flavourscore - 3
2017-08-27 13:25:44,068 tripit.py INFO recommend 542 Yelp city - Big Sur categorycount - {'media': '1', 'active': '8', 'flowers': '1', 'beautysvc': '1', 'nightlife': '1', 'education': '1', 'food': '1', 'hotelstravel': '2', 'sportgoods': '1', 'shopping': '4', 'eventservices': '10', 'restaurants': '11', 'bars': '1', 'publicservicesgovt': '2', 'health': '1'}
2017-08-27 13:25:44,098 tripit.py INFO recommend 570 yelpcity - Big Sur, flavourscore - 10
2017-08-27 13:25:44,098 tripit.py INFO recommend 542 Yelp city - Burbank categorycount - {'food': '10', 'japanese': '1', 'media': '1', 'bars': '3', 'restaurants': '33', 'nightlife': '1', 'mideastern': '1'}
2017-08-27 13:25:44,114 tripit.py INFO recommend 570 yelpcity - Burbank, flavourscore - 0
2017-08-27 13:25:44,114 tripit.py INFO recommend 542 Yelp city - Concord categorycount - {'nightlife': '2', 'restaurants': '38', 'gourmet': '1', 'bars': '2', 'food': '7'}
2017-08-27 13:25:44,123 tripit.py INFO recommend 570 yelpcity - Concord, flavourscore - 0
2017-08-27 13:25:44,124 tripit.py INFO recommend 542 Yelp city - Costa Mesa categorycount - {'food': '8', 'japanese': '1', 'shopping': '1', 'eventservices': '1', 'restaurants': '38', 'education': '1'}
2017-08-27 13:25:44,135 tripit.py INFO recommend 570 yelpcity - Costa Mesa, flavourscore - 0
2017-08-27 13:25:44,135 tripit.py INFO recommend 542 Yelp city - Culver City categorycount - {'food': '10', 'restaurants': '26', 'active': '1', 'photographers': '1', 'fitness': '1', 'beautysvc': '1', 'nightlife': '1', 'eventservices': '1', 'bars': '6', 'localservices': '1', 'sportgoods': '1'}
2017-08-27 13:25:44,159 tripit.py INFO recommend 570 yelpcity - Culver City, flavourscore - 1
2017-08-27 13:25:44,159 tripit.py INFO recommend 542 Yelp city - Cupertino categorycount - {'food': '10', 'auto': '1', 'fashion': '1', 'bars': '1', 'shopping': '1', 'eventservices': '1', 'restaurants': '30', 'itservices': '2', 'mexican': '1', 'realestate': '1', 'publicservicesgovt': '1'}
2017-08-27 13:25:44,174 tripit.py INFO recommend 570 yelpcity - Cupertino, flavourscore - 0
2017-08-27 13:25:44,175 tripit.py INFO recommend 542 Yelp city - Daly City categorycount - {'active': '1', 'bars': '2', 'transport': '1', 'beautysvc': '5', 'mexican': '1', 'localservices': '1', 'food': '7', 'auto': '4', 'hair': '1', 'shopping': '1', 'restaurants': '24', 'specialtyschools': '2'}
2017-08-27 13:25:44,187 tripit.py INFO recommend 570 yelpcity - Daly City, flavourscore - 1
2017-08-27 13:25:44,187 tripit.py INFO recommend 542 Yelp city - Davis categorycount - {'restaurants': '27', 'food': '16', 'active': '1', 'localflavor': '1', 'bars': '5'}
2017-08-27 13:25:44,192 tripit.py INFO recommend 570 yelpcity - Davis, flavourscore - 1
2017-08-27 13:25:44,192 tripit.py INFO recommend 542 Yelp city - Dublin categorycount - {'food': '12', 'japanese': '1', 'active': '3', 'localflavor': '2', 'fashion': '1', 'bars': '7', 'restaurants': '24'}
2017-08-27 13:25:44,200 tripit.py INFO recommend 570 yelpcity - Dublin, flavourscore - 3
2017-08-27 13:25:44,200 tripit.py INFO recommend 542 Yelp city - Emeryville categorycount - {'active': '2', 'shopping': '2', 'nightlife': '3', 'homeservices': '1', 'localservices': '1', 'food': '7', 'japanese': '1', 'flowers': '1', 'eventservices': '1', 'restaurants': '29', 'fitness': '1', 'bars': '1'}
2017-08-27 13:25:44,213 tripit.py INFO recommend 570 yelpcity - Emeryville, flavourscore - 2
2017-08-27 13:25:44,213 tripit.py INFO recommend 542 Yelp city - Foster City categorycount - {'physicians': '1', 'realestatesvcs': '1', 'active': '1', 'fitness': '2', 'financialservices': '1', 'beautysvc': '2', 'dentists': '2', 'localservices': '2', 'food': '2', 'auto': '1', 'chinese': '1', 'shopping': '1', 'eventservices': '1', 'restaurants': '25', 'homeservices': '5', 'parks': '1', 'health': '1'}
2017-08-27 13:25:44,230 tripit.py INFO recommend 570 yelpcity - Foster City, flavourscore - 1
2017-08-27 13:25:44,231 tripit.py INFO recommend 542 Yelp city - Fremont categorycount - {'food': '8', 'active': '1', 'chinese': '1', 'bars': '1', 'eventservices': '1', 'restaurants': '36', 'photographers': '1', 'localflavor': '1'}
2017-08-27 13:25:44,239 tripit.py INFO recommend 570 yelpcity - Fremont, flavourscore - 1
2017-08-27 13:25:44,239 tripit.py INFO recommend 542 Yelp city - Glendale categorycount - {'food': '9', 'bars': '1', 'eventservices': '2', 'restaurants': '35', 'mexican': '1', 'gourmet': '1', 'mideastern': '1'}
2017-08-27 13:25:44,248 tripit.py INFO recommend 570 yelpcity - Glendale, flavourscore - 0
2017-08-27 13:25:44,248 tripit.py INFO recommend 542 Yelp city - Hayward categorycount - {'food': '9', 'auto': '1', 'active': '1', 'chinese': '1', 'bars': '2', 'restaurants': '33', 'nightlife': '1', 'localflavor': '1', 'latin': '1'}
2017-08-27 13:25:44,263 tripit.py INFO recommend 570 yelpcity - Hayward, flavourscore - 1
2017-08-27 13:25:44,264 tripit.py INFO recommend 542 Yelp city - Healdsburg categorycount - {'food': '13', 'restaurants': '24', 'active': '1', 'bars': '5', 'shopping': '1', 'eventservices': '2', 'nightlife': '1', 'gourmet': '1', 'tours': '1', 'publicservicesgovt': '1'}
2017-08-27 13:25:44,284 tripit.py INFO recommend 570 yelpcity - Healdsburg, flavourscore - 1
2017-08-27 13:25:44,285 tripit.py INFO recommend 542 Yelp city - Huntington Beach categorycount - {'restaurants': '33', 'food': '9', 'active': '2', 'bars': '6'}
2017-08-27 13:25:44,293 tripit.py INFO recommend 570 yelpcity - Huntington Beach, flavourscore - 2
2017-08-27 13:25:44,293 tripit.py INFO recommend 542 Yelp city - Irvine categorycount - {'food': '12', 'japanese': '1', 'active': '4', 'bars': '1', 'eventservices': '1', 'restaurants': '29', 'homeservices': '1', 'localservices': '1'}
2017-08-27 13:25:44,306 tripit.py INFO recommend 570 yelpcity - Irvine, flavourscore - 4
2017-08-27 13:25:44,306 tripit.py INFO recommend 542 Yelp city - La Jolla categorycount - {'nightlife': '2', 'restaurants': '38', 'active': '1', 'publicservicesgovt': '1', 'food': '8'}
2017-08-27 13:25:44,314 tripit.py INFO recommend 570 yelpcity - La Jolla, flavourscore - 1
2017-08-27 13:25:44,314 tripit.py INFO recommend 542 Yelp city - Livermore categorycount - {'restaurants': '30', 'food': '10', 'arts': '1', 'bars': '8'}
2017-08-27 13:25:44,320 tripit.py INFO recommend 570 yelpcity - Livermore, flavourscore - 0
2017-08-27 13:25:44,320 tripit.py INFO recommend 542 Yelp city - Long Beach categorycount - {'nightlife': '1', 'restaurants': '33', 'mediterranean': '1', 'bars': '6', 'food': '9'}
2017-08-27 13:25:44,328 tripit.py INFO recommend 570 yelpcity - Long Beach, flavourscore - 0
2017-08-27 13:25:44,329 tripit.py INFO recommend 542 Yelp city - Los Altos categorycount - {'active': '1', 'bars': '1', 'dentists': '2', 'realestate': '3', 'homeservices': '1', 'beautysvc': '4', 'arts': '1', 'japanese': '1', 'food': '5', 'homeandgarden': '1', 'pets': '1', 'fashion': '1', 'shopping': '4', 'eventservices': '1', 'restaurants': '19', 'gourmet': '1', 'health': '2', 'fitness': '1'}
2017-08-27 13:25:44,359 tripit.py INFO recommend 570 yelpcity - Los Altos, flavourscore - 1
2017-08-27 13:25:44,359 tripit.py INFO recommend 542 Yelp city - Los Angeles categorycount - {'restaurants': '34', 'food': '12', 'mediterranean': '1', 'gourmet': '1', 'bars': '2'}
2017-08-27 13:25:44,367 tripit.py INFO recommend 570 yelpcity - Los Angeles, flavourscore - 0
2017-08-27 13:25:44,367 tripit.py INFO recommend 542 Yelp city - Los Gatos categorycount - {'active': '2', 'bars': '1', 'shopping': '2', 'beautysvc': '1', 'realestate': '1', 'financialservices': '1', 'localservices': '1', 'food': '8', 'musicinstrumentservices': '1', 'tanning': '1', 'eventservices': '1', 'restaurants': '26', 'professional': '1', 'health': '3'}
2017-08-27 13:25:44,389 tripit.py INFO recommend 570 yelpcity - Los Gatos, flavourscore - 2
2017-08-27 13:25:44,389 tripit.py INFO recommend 542 Yelp city - Marina del Rey categorycount - {'physicians': '2', 'active': '7', 'fitness': '1', 'dentists': '2', 'nightlife': '2', 'realestate': '3', 'homeservices': '2', 'beautysvc': '2', 'localservices': '1', 'shopping': '2', 'eventservices': '2', 'restaurants': '16', 'lawyers': '1', 'gourmet': '1', 'health': '5', 'bars': '1'}
2017-08-27 13:25:44,416 tripit.py INFO recommend 570 yelpcity - Marina del Rey, flavourscore - 7
2017-08-27 13:25:44,416 tripit.py INFO recommend 542 Yelp city - Menlo Park categorycount - {'active': '1', 'flowers': '1', 'dentists': '2', 'homeservices': '2', 'food': '4', 'hairremoval': '1', 'chinese': '1', 'fashion': '1', 'shopping': '1', 'eventservices': '1', 'restaurants': '32', 'gourmet': '1', 'health': '1', 'parks': '1'}
2017-08-27 13:25:44,441 tripit.py INFO recommend 570 yelpcity - Menlo Park, flavourscore - 1
2017-08-27 13:25:44,441 tripit.py INFO recommend 542 Yelp city - Mill Valley categorycount - {'auto': '6', 'hotelstravel': '1', 'parks': '1', 'beautysvc': '1', 'restaurants': '4', 'education': '2', 'homeservices': '3', 'health': '2'}
2017-08-27 13:25:44,455 tripit.py INFO recommend 570 yelpcity - Mill Valley, flavourscore - 1
2017-08-27 13:25:44,455 tripit.py INFO recommend 542 Yelp city - Millbrae categorycount - {'active': '1', 'fitness': '1', 'beautysvc': '2', 'photographers': '1', 'auto': '3', 'food': '6', 'japanese': '1', 'chinese': '3', 'sportgoods': '1', 'shopping': '1', 'eventservices': '1', 'restaurants': '25', 'gourmet': '1', 'bars': '2'}
2017-08-27 13:25:44,478 tripit.py INFO recommend 570 yelpcity - Millbrae, flavourscore - 1
2017-08-27 13:25:44,478 tripit.py INFO recommend 542 Yelp city - Milpitas categorycount - {'food': '7', 'japanese': '1', 'photographers': '1', 'bars': '2', 'beautysvc': '1', 'restaurants': '33', 'homeservices': '1', 'eventservices': '3', 'auto': '1'}
2017-08-27 13:25:44,494 tripit.py INFO recommend 570 yelpcity - Milpitas, flavourscore - 0
2017-08-27 13:25:44,494 tripit.py INFO recommend 542 Yelp city - Monterey categorycount - {'food': '13', 'restaurants': '33', 'active': '1', 'bars': '2', 'shopping': '1'}
2017-08-27 13:25:44,503 tripit.py INFO recommend 570 yelpcity - Monterey, flavourscore - 1
2017-08-27 13:25:44,503 tripit.py INFO recommend 542 Yelp city - Mountain View categorycount - {'food': '9', 'restaurants': '35', 'active': '2', 'bars': '2', 'nightlife': '1', 'publicservicesgovt': '1'}
2017-08-27 13:25:44,513 tripit.py INFO recommend 570 yelpcity - Mountain View, flavourscore - 2
2017-08-27 13:25:44,514 tripit.py INFO recommend 542 Yelp city - Napa categorycount - {'restaurants': '34', 'food': '9', 'wineries': '1', 'bars': '5', 'gourmet': '1'}
2017-08-27 13:25:44,526 tripit.py INFO recommend 570 yelpcity - Napa, flavourscore - 0
2017-08-27 13:25:44,526 tripit.py INFO recommend 542 Yelp city - Newark categorycount - {'food': '3', 'japanese': '1', 'bars': '2', 'shopping': '1', 'restaurants': '41', 'nightlife': '1', 'latin': '1'}
2017-08-27 13:25:44,537 tripit.py INFO recommend 570 yelpcity - Newark, flavourscore - 0
2017-08-27 13:25:44,538 tripit.py INFO recommend 542 Yelp city - Newport Beach categorycount - {'restaurants': '31', 'food': '14', 'active': '4', 'bars': '1'}
2017-08-27 13:25:44,545 tripit.py INFO recommend 570 yelpcity - Newport Beach, flavourscore - 4
2017-08-27 13:25:44,546 tripit.py INFO recommend 542 Yelp city - Oakland categorycount - {'food': '12', 'japanese': '1', 'active': '3', 'localflavor': '2', 'bars': '3', 'eventservices': '1', 'nightlife': '4', 'localservices': '1', 'restaurants': '23'}
2017-08-27 13:25:44,565 tripit.py INFO recommend 570 yelpcity - Oakland, flavourscore - 3
2017-08-27 13:25:44,566 tripit.py INFO recommend 542 Yelp city - Orange County categorycount - {'realestatesvcs': '1', 'transport': '3', 'beautysvc': '8', 'realestate': '1', 'homeservices': '5', 'photographers': '3', 'localservices': '3', 'auto': '4', 'food': '3', 'petservices': '7', 'shopping': '2', 'eventservices': '5', 'restaurants': '1', 'professional': '1', 'health': '3'}
2017-08-27 13:25:44,593 tripit.py INFO recommend 570 yelpcity - Orange County, flavourscore - 0
2017-08-27 13:25:44,593 tripit.py INFO recommend 542 Yelp city - Palo Alto categorycount - {'restaurants': '32', 'food': '13', 'active': '1', 'bars': '4'}
2017-08-27 13:25:44,604 tripit.py INFO recommend 570 yelpcity - Palo Alto, flavourscore - 1
2017-08-27 13:25:44,604 tripit.py INFO recommend 542 Yelp city - Park La Brea categorycount - {'food': '16', 'restaurants': '30', 'fitness': '1', 'nightlife': '1', 'wineries': '1', 'arts': '1'}
2017-08-27 13:25:44,617 tripit.py INFO recommend 570 yelpcity - Park La Brea, flavourscore - 0
2017-08-27 13:25:44,618 tripit.py INFO recommend 542 Yelp city - Pasadena categorycount - {'restaurants': '33', 'food': '13', 'bars': '4'}
2017-08-27 13:25:44,625 tripit.py INFO recommend 570 yelpcity - Pasadena, flavourscore - 0
2017-08-27 13:25:44,625 tripit.py INFO recommend 542 Yelp city - Pleasanton categorycount - {'food': '8', 'active': '1', 'chinese': '1', 'bars': '3', 'eventservices': '1', 'restaurants': '34', 'mexican': '1'}
2017-08-27 13:25:44,633 tripit.py INFO recommend 570 yelpcity - Pleasanton, flavourscore - 1
2017-08-27 13:25:44,634 tripit.py INFO recommend 542 Yelp city - Redondo Beach categorycount - {'food': '7', 'restaurants': '39', 'bars': '1', 'nightlife': '1', 'publicservicesgovt': '1', 'parks': '1'}
2017-08-27 13:25:44,641 tripit.py INFO recommend 570 yelpcity - Redondo Beach, flavourscore - 0
2017-08-27 13:25:44,641 tripit.py INFO recommend 542 Yelp city - Redwood City categorycount - {'food': '11', 'bars': '1', 'eventservices': '1', 'restaurants': '33', 'mexican': '1', 'publicservicesgovt': '1', 'latin': '1'}
2017-08-27 13:25:44,651 tripit.py INFO recommend 570 yelpcity - Redwood City, flavourscore - 0
2017-08-27 13:25:44,652 tripit.py INFO recommend 542 Yelp city - Sacramento categorycount - {'food': '13', 'japanese': '1', 'active': '1', 'localflavor': '1', 'bars': '1', 'shopping': '1', 'restaurants': '30', 'nightlife': '1', 'gourmet': '1'}
2017-08-27 13:25:44,664 tripit.py INFO recommend 570 yelpcity - Sacramento, flavourscore - 1
2017-08-27 13:25:44,664 tripit.py INFO recommend 542 Yelp city - San Bruno categorycount - {'food': '5', 'auto': '4', 'mideastern': '1', 'fashion': '1', 'bars': '2', 'beautysvc': '2', 'restaurants': '31', 'homeservices': '1', 'gourmet': '1', 'photographers': '1', 'localservices': '1'}
2017-08-27 13:25:44,677 tripit.py INFO recommend 570 yelpcity - San Bruno, flavourscore - 0
2017-08-27 13:25:44,677 tripit.py INFO recommend 542 Yelp city - San Carlos categorycount - {'food': '4', 'auto': '1', 'active': '1', 'fitness': '1', 'shopping': '1', 'eventservices': '2', 'restaurants': '35', 'mexican': '1', 'bars': '3', 'sportgoods': '1'}
2017-08-27 13:25:44,694 tripit.py INFO recommend 570 yelpcity - San Carlos, flavourscore - 1
2017-08-27 13:25:44,695 tripit.py INFO recommend 542 Yelp city - San Diego categorycount - {'food': '22', 'restaurants': '23', 'active': '1', 'bars': '1', 'nightlife': '1', 'mexican': '1', 'mideastern': '1'}
2017-08-27 13:25:44,704 tripit.py INFO recommend 570 yelpcity - San Diego, flavourscore - 1
2017-08-27 13:25:44,704 tripit.py INFO recommend 542 Yelp city - San Francisco categorycount - {'media': '1', 'food': '19', 'active': '7', 'localflavor': '1', 'parks': '2', 'restaurants': '13', 'gourmet': '3'}
2017-08-27 13:25:44,720 tripit.py INFO recommend 570 yelpcity - San Francisco, flavourscore - 7
2017-08-27 13:25:44,720 tripit.py INFO recommend 542 Yelp city - San Jose categorycount - {'food': '16', 'restaurants': '22', 'active': '1', 'localflavor': '1', 'bars': '7', 'shopping': '1', 'eventservices': '1', 'nightlife': '1'}
2017-08-27 13:25:44,735 tripit.py INFO recommend 570 yelpcity - San Jose, flavourscore - 1
2017-08-27 13:25:44,735 tripit.py INFO recommend 542 Yelp city - San Leandro categorycount - {'active': '2', 'homeandgarden': '1', 'bars': '3', 'beautysvc': '1', 'realestate': '1', 'localservices': '1', 'auto': '2', 'food': '7', 'petservices': '1', 'chinese': '1', 'restaurants': '29', 'gourmet': '1'}
2017-08-27 13:25:44,754 tripit.py INFO recommend 570 yelpcity - San Leandro, flavourscore - 2
2017-08-27 13:25:44,755 tripit.py INFO recommend 542 Yelp city - San Mateo categorycount - {'food': '10', 'japanese': '2', 'active': '4', 'bars': '3', 'restaurants': '30', 'nightlife': '1'}
2017-08-27 13:25:44,761 tripit.py INFO recommend 570 yelpcity - San Mateo, flavourscore - 4
2017-08-27 13:25:44,761 tripit.py INFO recommend 542 Yelp city - San Rafael categorycount - {'restaurants': '39', 'japanese': '1', 'bars': '2', 'food': '8'}
2017-08-27 13:25:44,765 tripit.py INFO recommend 570 yelpcity - San Rafael, flavourscore - 0
2017-08-27 13:25:44,765 tripit.py INFO recommend 542 Yelp city - Santa Barbara categorycount - {'food': '6', 'restaurants': '33', 'active': '2', 'bars': '4', 'shopping': '1', 'nightlife': '2', 'gourmet': '1', 'publicservicesgovt': '1'}
2017-08-27 13:25:44,778 tripit.py INFO recommend 570 yelpcity - Santa Barbara, flavourscore - 2
2017-08-27 13:25:44,778 tripit.py INFO recommend 542 Yelp city - Santa Clara categorycount - {'food': '10', 'japanese': '1', 'bars': '1', 'restaurants': '34', 'homeservices': '2', 'localservices': '1', 'fitness': '1'}
2017-08-27 13:25:44,785 tripit.py INFO recommend 570 yelpcity - Santa Clara, flavourscore - 0
2017-08-27 13:25:44,786 tripit.py INFO recommend 542 Yelp city - Santa Cruz categorycount - {'nightlife': '2', 'restaurants': '31', 'photographers': '1', 'bars': '3', 'food': '13'}
2017-08-27 13:25:44,792 tripit.py INFO recommend 570 yelpcity - Santa Cruz, flavourscore - 0
2017-08-27 13:25:44,792 tripit.py INFO recommend 542 Yelp city - Santa Monica categorycount - {'nightlife': '1', 'restaurants': '32', 'active': '2', 'bars': '1', 'food': '14'}
2017-08-27 13:25:44,798 tripit.py INFO recommend 570 yelpcity - Santa Monica, flavourscore - 2
2017-08-27 13:25:44,798 tripit.py INFO recommend 542 Yelp city - Santa Rosa categorycount - {'nightlife': '1', 'restaurants': '38', 'bars': '3', 'food': '8'}
2017-08-27 13:25:44,805 tripit.py INFO recommend 570 yelpcity - Santa Rosa, flavourscore - 0
2017-08-27 13:25:44,805 tripit.py INFO recommend 542 Yelp city - Sausalito categorycount - {'physicians': '1', 'active': '3', 'beautysvc': '1', 'nightlife': '1', 'homeservices': '1', 'dentists': '2', 'auto': '1', 'food': '4', 'petservices': '1', 'shopping': '2', 'eventservices': '1', 'restaurants': '30', 'specialtyschools': '1', 'publicservicesgovt': '1'}
2017-08-27 13:25:44,823 tripit.py INFO recommend 570 yelpcity - Sausalito, flavourscore - 3
2017-08-27 13:25:44,824 tripit.py INFO recommend 542 Yelp city - Sonoma categorycount - {'food': '9', 'active': '1', 'gourmet': '3', 'hotelstravel': '1', 'bars': '5', 'beautysvc': '1', 'restaurants': '28', 'wineries': '1', 'localservices': '1'}
2017-08-27 13:25:44,840 tripit.py INFO recommend 570 yelpcity - Sonoma, flavourscore - 2
2017-08-27 13:25:44,840 tripit.py INFO recommend 542 Yelp city - South Lake Tahoe categorycount - {'food': '6', 'restaurants': '37', 'active': '1', 'bars': '4', 'nightlife': '1', 'parks': '1'}
2017-08-27 13:25:44,851 tripit.py INFO recommend 570 yelpcity - South Lake Tahoe, flavourscore - 1
2017-08-27 13:25:44,852 tripit.py INFO recommend 542 Yelp city - Stockton categorycount - {'food': '6', 'restaurants': '39', 'bars': '2', 'eventservices': '1', 'nightlife': '1', 'latin': '1'}
2017-08-27 13:25:44,861 tripit.py INFO recommend 570 yelpcity - Stockton, flavourscore - 0
2017-08-27 13:25:44,861 tripit.py INFO recommend 542 Yelp city - Studio City categorycount - {'food': '9', 'japanese': '1', 'active': '1', 'bars': '2', 'restaurants': '33', 'nightlife': '2', 'gourmet': '2'}
2017-08-27 13:25:44,873 tripit.py INFO recommend 570 yelpcity - Studio City, flavourscore - 1
2017-08-27 13:25:44,873 tripit.py INFO recommend 542 Yelp city - Sunnyvale categorycount - {'food': '7', 'japanese': '1', 'active': '1', 'bars': '5', 'restaurants': '32', 'mediterranean': '3', 'parks': '1'}
2017-08-27 13:25:44,880 tripit.py INFO recommend 570 yelpcity - Sunnyvale, flavourscore - 1
2017-08-27 13:25:44,880 tripit.py INFO recommend 542 Yelp city - Torrance categorycount - {'food': '9', 'japanese': '2', 'active': '1', 'bars': '2', 'shopping': '1', 'restaurants': '35'}
2017-08-27 13:25:44,886 tripit.py INFO recommend 570 yelpcity - Torrance, flavourscore - 1
2017-08-27 13:25:44,886 tripit.py INFO recommend 542 Yelp city - Union City categorycount - {'homeandgarden': '2', 'bars': '1', 'dentists': '1', 'nightlife': '1', 'homeservices': '2', 'beautysvc': '2', 'localservices': '1', 'auto': '1', 'food': '6', 'japanese': '1', 'pets': '1', 'flowers': '1', 'eventservices': '2', 'restaurants': '27'}
2017-08-27 13:25:44,904 tripit.py INFO recommend 570 yelpcity - Union City, flavourscore - 0
2017-08-27 13:25:44,904 tripit.py INFO recommend 542 Yelp city - Venice categorycount - {'food': '1', 'restaurants': '32', 'bars': '6', 'nightlife': '1', 'arts': '1', 'publicservicesgovt': '5', 'italian': '4'}
2017-08-27 13:25:44,911 tripit.py INFO recommend 570 yelpcity - Venice, flavourscore - 0
2017-08-27 13:25:44,911 tripit.py INFO recommend 542 Yelp city - Walnut Creek categorycount - {'restaurants': '33', 'japanese': '1', 'active': '2', 'bars': '2', 'food': '11'}
2017-08-27 13:25:44,916 tripit.py INFO recommend 570 yelpcity - Walnut Creek, flavourscore - 2
2017-08-27 13:25:44,916 tripit.py INFO recommend 542 Yelp city - West Hollywood categorycount - {'restaurants': '38', 'japanese': '1', 'bars': '1', 'food': '10'}
2017-08-27 13:25:44,921 tripit.py INFO recommend 570 yelpcity - West Hollywood, flavourscore - 0
2017-08-27 13:25:44,921 tripit.py INFO recommend 542 Yelp city - West Los Angeles categorycount - {'homeandgarden': '1', 'fitness': '1', 'beautysvc': '1', 'itservices': '2', 'homeservices': '1', 'dentists': '3', 'localservices': '1', 'food': '4', 'auto': '1', 'travelservices': '1', 'hair': '2', 'shopping': '1', 'restaurants': '29', 'professional': '1', 'bars': '1'}
2017-08-27 13:25:44,943 tripit.py INFO recommend 570 yelpcity - West Los Angeles, flavourscore - 0
2017-08-27 13:25:44,943 tripit.py INFO recommend 542 Yelp city - Westwood categorycount - {'restaurants': '36', 'food': '10', 'bars': '3', 'eventservices': '1'}
2017-08-27 13:25:44,948 tripit.py INFO recommend 570 yelpcity - Westwood, flavourscore - 0
2017-08-27 13:25:44,948 tripit.py INFO recommend 542 Yelp city - Yountville categorycount - {'food': '12', 'active': '2', 'gourmet': '1', 'fashion': '2', 'bars': '1', 'shopping': '1', 'beautysvc': '1', 'restaurants': '17', 'wineries': '2', 'eventservices': '8', 'tours': '2'}
2017-08-27 13:25:44,970 tripit.py INFO recommend 570 yelpcity - Yountville, flavourscore - 2
2017-08-27 13:25:44,970 tripit.py INFO recommend 542 Yelp city - Boulder categorycount - {'restaurants': '34', 'food': '11', 'active': '1', 'gourmet': '1', 'bars': '3'}
2017-08-27 13:25:44,982 tripit.py INFO recommend 570 yelpcity - Boulder, flavourscore - 1
2017-08-27 13:25:44,982 tripit.py INFO recommend 542 Yelp city - Denver categorycount - {'media': '1', 'nightlife': '1', 'restaurants': '30', 'bars': '3', 'food': '15'}
2017-08-27 13:25:44,994 tripit.py INFO recommend 570 yelpcity - Denver, flavourscore - 0
2017-08-27 13:25:44,994 tripit.py INFO recommend 542 Yelp city - Hartford categorycount - {'food': '7', 'restaurants': '37', 'active': '1', 'bars': '2', 'nightlife': '2', 'gourmet': '1'}
2017-08-27 13:25:45,000 tripit.py INFO recommend 570 yelpcity - Hartford, flavourscore - 1
2017-08-27 13:25:45,001 tripit.py INFO recommend 542 Yelp city - New Haven categorycount - {'food': '5', 'restaurants': '33', 'chinese': '1', 'bars': '8', 'shopping': '1', 'nightlife': '1', 'parks': '1'}
2017-08-27 13:25:45,008 tripit.py INFO recommend 570 yelpcity - New Haven, flavourscore - 0
2017-08-27 13:25:45,008 tripit.py INFO recommend 542 Yelp city - Washington DC categorycount - {'food': '13', 'active': '1', 'bars': '3', 'caribbean': '1', 'restaurants': '23', 'mediterranean': '2', 'arts': '1', 'publicservicesgovt': '6'}
2017-08-27 13:25:45,019 tripit.py INFO recommend 570 yelpcity - Washington DC, flavourscore - 1
2017-08-27 13:25:45,020 tripit.py INFO recommend 542 Yelp city - Fort Lauderdale categorycount - {'food': '11', 'restaurants': '31', 'active': '1', 'bars': '3', 'shopping': '1', 'nightlife': '3'}
2017-08-27 13:25:45,028 tripit.py INFO recommend 570 yelpcity - Fort Lauderdale, flavourscore - 1
2017-08-27 13:25:45,028 tripit.py INFO recommend 542 Yelp city - Gainesville categorycount - {'food': '9', 'restaurants': '36', 'active': '2', 'bars': '1', 'nightlife': '1', 'mideastern': '1'}
2017-08-27 13:25:45,034 tripit.py INFO recommend 570 yelpcity - Gainesville, flavourscore - 2
2017-08-27 13:25:45,034 tripit.py INFO recommend 542 Yelp city - Miami categorycount - {'food': '7', 'localflavor': '1', 'bars': '2', 'restaurants': '35', 'mexican': '1', 'gourmet': '1', 'arts': '1', 'latin': '1'}
2017-08-27 13:25:45,042 tripit.py INFO recommend 570 yelpcity - Miami, flavourscore - 0
2017-08-27 13:25:45,042 tripit.py INFO recommend 542 Yelp city - Miami Beach categorycount - {'food': '6', 'restaurants': '35', 'active': '1', 'bars': '4', 'nightlife': '1', 'publicservicesgovt': '1', 'latin': '2'}
2017-08-27 13:25:45,054 tripit.py INFO recommend 570 yelpcity - Miami Beach, flavourscore - 1
2017-08-27 13:25:45,054 tripit.py INFO recommend 542 Yelp city - Orlando categorycount - {'restaurants': '29', 'food': '13', 'active': '1', 'bars': '6', 'latin': '1'}
2017-08-27 13:25:45,060 tripit.py INFO recommend 570 yelpcity - Orlando, flavourscore - 1
2017-08-27 13:25:45,061 tripit.py INFO recommend 542 Yelp city - Tampa categorycount - {'media': '1', 'food': '14', 'parks': '1', 'shopping': '2', 'restaurants': '28', 'nightlife': '1', 'gourmet': '1', 'bars': '2'}
2017-08-27 13:25:45,070 tripit.py INFO recommend 570 yelpcity - Tampa, flavourscore - 0
2017-08-27 13:25:45,070 tripit.py INFO recommend 542 Yelp city - Atlanta categorycount - {'food': '5', 'restaurants': '37', 'active': '3', 'localflavor': '2', 'bars': '1', 'nightlife': '1'}
2017-08-27 13:25:45,080 tripit.py INFO recommend 570 yelpcity - Atlanta, flavourscore - 3
2017-08-27 13:25:45,080 tripit.py INFO recommend 542 Yelp city - Savannah categorycount - {'food': '10', 'restaurants': '34', 'active': '1', 'bars': '3', 'homeandgarden': '1', 'nightlife': '1'}
2017-08-27 13:25:45,091 tripit.py INFO recommend 570 yelpcity - Savannah, flavourscore - 1
2017-08-27 13:25:45,091 tripit.py INFO recommend 542 Yelp city - Honolulu categorycount - {'food': '10', 'japanese': '1', 'active': '2', 'localflavor': '1', 'bars': '1', 'restaurants': '27', 'nightlife': '2', 'mexican': '1', 'gourmet': '2', 'arts': '1', 'publicservicesgovt': '1'}
2017-08-27 13:25:45,113 tripit.py INFO recommend 570 yelpcity - Honolulu, flavourscore - 2
2017-08-27 13:25:45,114 tripit.py INFO recommend 542 Yelp city - Lahaina categorycount - {'food': '14', 'japanese': '1', 'bars': '1', 'restaurants': '31', 'nightlife': '2', 'arts': '1'}
2017-08-27 13:25:45,121 tripit.py INFO recommend 570 yelpcity - Lahaina, flavourscore - 0
2017-08-27 13:25:45,121 tripit.py INFO recommend 542 Yelp city - Iowa City categorycount - {'restaurants': '37', 'food': '8', 'gourmet': '1', 'bars': '3', 'shopping': '1'}
2017-08-27 13:25:45,127 tripit.py INFO recommend 570 yelpcity - Iowa City, flavourscore - 0
2017-08-27 13:25:45,127 tripit.py INFO recommend 542 Yelp city - Boise categorycount - {'food': '6', 'restaurants': '37', 'active': '1', 'bars': '2', 'eventservices': '1', 'nightlife': '2', 'gourmet': '1'}
2017-08-27 13:25:45,135 tripit.py INFO recommend 570 yelpcity - Boise, flavourscore - 1
2017-08-27 13:25:45,135 tripit.py INFO recommend 542 Yelp city - Chicago categorycount - {'food': '18', 'restaurants': '20', 'active': '4', 'localflavor': '1', 'hotelstravel': '1', 'bars': '1', 'nightlife': '2', 'specialtyschools': '1', 'gourmet': '1'}
2017-08-27 13:25:45,148 tripit.py INFO recommend 570 yelpcity - Chicago, flavourscore - 5
2017-08-27 13:25:45,149 tripit.py INFO recommend 542 Yelp city - Evanston categorycount - {'food': '14', 'restaurants': '29', 'active': '1', 'localflavor': '1', 'sportgoods': '1', 'nightlife': '1', 'bars': '2', 'latin': '1'}
2017-08-27 13:25:45,159 tripit.py INFO recommend 570 yelpcity - Evanston, flavourscore - 1
2017-08-27 13:25:45,159 tripit.py INFO recommend 542 Yelp city - Naperville categorycount - {'food': '2', 'restaurants': '45', 'active': '1', 'chinese': '1'}
2017-08-27 13:25:45,164 tripit.py INFO recommend 570 yelpcity - Naperville, flavourscore - 1
2017-08-27 13:25:45,164 tripit.py INFO recommend 542 Yelp city - Schaumburg categorycount - {'restaurants': '38', 'food': '6', 'active': '3', 'homeservices': '1', 'bars': '2'}
2017-08-27 13:25:45,172 tripit.py INFO recommend 570 yelpcity - Schaumburg, flavourscore - 3
2017-08-27 13:25:45,173 tripit.py INFO recommend 542 Yelp city - Skokie categorycount - {'active': '1', 'homeandgarden': '1', 'mediterranean': '1', 'beautysvc': '1', 'localflavor': '1', 'homeservices': '6', 'auto': '2', 'food': '3', 'petservices': '1', 'hair': '1', 'restaurants': '31', 'hairremoval': '1'}
2017-08-27 13:25:45,190 tripit.py INFO recommend 570 yelpcity - Skokie, flavourscore - 1
2017-08-27 13:25:45,190 tripit.py INFO recommend 542 Yelp city - Bloomington categorycount - {'food': '10', 'restaurants': '31', 'active': '1', 'localflavor': '1', 'bars': '3', 'nightlife': '3', 'gourmet': '1'}
2017-08-27 13:25:45,202 tripit.py INFO recommend 570 yelpcity - Bloomington, flavourscore - 1
2017-08-27 13:25:45,202 tripit.py INFO recommend 542 Yelp city - Indianapolis categorycount - {'food': '10', 'restaurants': '21', 'active': '3', 'localflavor': '4', 'bars': '1', 'eventservices': '1', 'nightlife': '4', 'mexican': '1', 'gourmet': '2', 'publicservicesgovt': '1'}
2017-08-27 13:25:45,219 tripit.py INFO recommend 570 yelpcity - Indianapolis, flavourscore - 3
2017-08-27 13:25:45,219 tripit.py INFO recommend 542 Yelp city - Louisville categorycount - {'food': '16', 'restaurants': '28', 'active': '1', 'bars': '2', 'nightlife': '1', 'arts': '1', 'publicservicesgovt': '1'}
2017-08-27 13:25:45,231 tripit.py INFO recommend 570 yelpcity - Louisville, flavourscore - 1
2017-08-27 13:25:45,231 tripit.py INFO recommend 542 Yelp city - New Orleans categorycount - {'food': '9', 'restaurants': '29', 'active': '2', 'bars': '4', 'nightlife': '2', 'mediterranean': '1', 'gourmet': '1', 'publicservicesgovt': '1', 'latin': '1'}
2017-08-27 13:25:45,245 tripit.py INFO recommend 570 yelpcity - New Orleans, flavourscore - 2
2017-08-27 13:25:45,245 tripit.py INFO recommend 542 Yelp city - Allston categorycount - {'nightlife': '4', 'japanese': '1', 'food': '3', 'bars': '3', 'restaurants': '39'}
2017-08-27 13:25:45,251 tripit.py INFO recommend 570 yelpcity - Allston, flavourscore - 0
2017-08-27 13:25:45,251 tripit.py INFO recommend 542 Yelp city - Boston categorycount - {'restaurants': '29', 'food': '13', 'active': '5', 'publicservicesgovt': '2'}
2017-08-27 13:25:45,255 tripit.py INFO recommend 570 yelpcity - Boston, flavourscore - 5
2017-08-27 13:25:45,255 tripit.py INFO recommend 542 Yelp city - Brighton categorycount - {'food': '7', 'restaurants': '32', 'fashion': '1', 'bars': '2', 'beautysvc': '2', 'nightlife': '3', 'gourmet': '2', 'arts': '1'}
2017-08-27 13:25:45,269 tripit.py INFO recommend 570 yelpcity - Brighton, flavourscore - 0
2017-08-27 13:25:45,269 tripit.py INFO recommend 542 Yelp city - Brookline categorycount - {'active': '2', 'bars': '2', 'beautysvc': '4', 'nightlife': '3', 'financialservices': '1', 'homeservices': '2', 'dentists': '1', 'localservices': '3', 'food': '7', 'auto': '1', 'sportgoods': '1', 'shopping': '3', 'eventservices': '1', 'restaurants': '17', 'publicservicesgovt': '2'}
2017-08-27 13:25:45,285 tripit.py INFO recommend 570 yelpcity - Brookline, flavourscore - 2
2017-08-27 13:25:45,286 tripit.py INFO recommend 542 Yelp city - Cambridge categorycount - {'restaurants': '28', 'food': '6', 'active': '1', 'bars': '14', 'publicservicesgovt': '1'}
2017-08-27 13:25:45,291 tripit.py INFO recommend 570 yelpcity - Cambridge, flavourscore - 1
2017-08-27 13:25:45,291 tripit.py INFO recommend 542 Yelp city - Somerville categorycount - {'restaurants': '37', 'food': '9', 'bars': '4'}
2017-08-27 13:25:45,298 tripit.py INFO recommend 570 yelpcity - Somerville, flavourscore - 0
2017-08-27 13:25:45,298 tripit.py INFO recommend 542 Yelp city - Baltimore categorycount - {'food': '11', 'restaurants': '33', 'active': '1', 'bars': '1', 'nightlife': '3', 'publicservicesgovt': '1'}
2017-08-27 13:25:45,305 tripit.py INFO recommend 570 yelpcity - Baltimore, flavourscore - 1
2017-08-27 13:25:45,306 tripit.py INFO recommend 542 Yelp city - Ann Arbor categorycount - {'food': '9', 'restaurants': '33', 'active': '2', 'bars': '3', 'nightlife': '1', 'gourmet': '1'}
2017-08-27 13:25:45,315 tripit.py INFO recommend 570 yelpcity - Ann Arbor, flavourscore - 2
2017-08-27 13:25:45,315 tripit.py INFO recommend 542 Yelp city - Detroit categorycount - {'food': '9', 'restaurants': '27', 'active': '2', 'fashion': '1', 'bars': '4', 'nightlife': '1', 'mediterranean': '1', 'publicservicesgovt': '1', 'latin': '2'}
2017-08-27 13:25:45,335 tripit.py INFO recommend 570 yelpcity - Detroit, flavourscore - 2
2017-08-27 13:25:45,335 tripit.py INFO recommend 542 Yelp city - Minneapolis categorycount - {'food': '10', 'restaurants': '33', 'active': '2', 'bars': '1', 'nightlife': '1', 'gourmet': '1', 'arts': '1', 'publicservicesgovt': '1'}
2017-08-27 13:25:45,350 tripit.py INFO recommend 570 yelpcity - Minneapolis, flavourscore - 2
2017-08-27 13:25:45,350 tripit.py INFO recommend 542 Yelp city - Saint Paul categorycount - {'food': '10', 'bars': '1', 'eventservices': '1', 'restaurants': '36', 'arts': '1', 'publicservicesgovt': '1'}
2017-08-27 13:25:45,365 tripit.py INFO recommend 570 yelpcity - Saint Paul, flavourscore - 0
2017-08-27 13:25:45,365 tripit.py INFO recommend 542 Yelp city - Kansas City categorycount - {'nightlife': '3', 'restaurants': '36', 'active': '1', 'bars': '5', 'food': '5'}
2017-08-27 13:25:45,370 tripit.py INFO recommend 570 yelpcity - Kansas City, flavourscore - 1
2017-08-27 13:25:45,370 tripit.py INFO recommend 542 Yelp city - Saint Louis categorycount - {'food': '10', 'restaurants': '32', 'active': '3', 'localflavor': '1', 'fitness': '1', 'eventservices': '1', 'nightlife': '1', 'bars': '1'}
2017-08-27 13:25:45,378 tripit.py INFO recommend 570 yelpcity - Saint Louis, flavourscore - 3
2017-08-27 13:25:45,378 tripit.py INFO recommend 542 Yelp city - Charlotte categorycount - {'food': '10', 'japanese': '1', 'active': '1', 'localflavor': '1', 'bars': '5', 'restaurants': '31', 'gourmet': '1'}
2017-08-27 13:25:45,388 tripit.py INFO recommend 570 yelpcity - Charlotte, flavourscore - 1
2017-08-27 13:25:45,388 tripit.py INFO recommend 542 Yelp city - Durham categorycount - {'food': '8', 'restaurants': '35', 'bars': '2', 'shopping': '1', 'nightlife': '1', 'gourmet': '1', 'latin': '1'}
2017-08-27 13:25:45,396 tripit.py INFO recommend 570 yelpcity - Durham, flavourscore - 0
2017-08-27 13:25:45,397 tripit.py INFO recommend 542 Yelp city - Raleigh categorycount - {'food': '14', 'restaurants': '23', 'sportgoods': '1', 'nightlife': '3', 'gourmet': '1', 'bars': '6', 'localservices': '1', 'latin': '1'}
2017-08-27 13:25:45,404 tripit.py INFO recommend 570 yelpcity - Raleigh, flavourscore - 0
2017-08-27 13:25:45,405 tripit.py INFO recommend 542 Yelp city - Newark categorycount - {'food': '3', 'japanese': '1', 'bars': '2', 'shopping': '1', 'restaurants': '41', 'nightlife': '1', 'latin': '1'}
2017-08-27 13:25:45,412 tripit.py INFO recommend 570 yelpcity - Newark, flavourscore - 0
2017-08-27 13:25:45,413 tripit.py INFO recommend 542 Yelp city - Princeton categorycount - {'media': '1', 'food': '10', 'gourmet': '2', 'bars': '1', 'transport': '1', 'beautysvc': '1', 'nightlife': '2', 'eventservices': '1', 'restaurants': '31'}
2017-08-27 13:25:45,428 tripit.py INFO recommend 570 yelpcity - Princeton, flavourscore - 0
2017-08-27 13:25:45,428 tripit.py INFO recommend 542 Yelp city - Albuquerque categorycount - {'food': '18', 'restaurants': '30', 'gourmet': '1', 'latin': '1'}
2017-08-27 13:25:45,433 tripit.py INFO recommend 570 yelpcity - Albuquerque, flavourscore - 0
2017-08-27 13:25:45,433 tripit.py INFO recommend 542 Yelp city - Santa Fe categorycount - {'nightlife': '1', 'restaurants': '36', 'bars': '1', 'shopping': '1', 'food': '11'}
2017-08-27 13:25:45,439 tripit.py INFO recommend 570 yelpcity - Santa Fe, flavourscore - 0
2017-08-27 13:25:45,439 tripit.py INFO recommend 542 Yelp city - Las Vegas categorycount - {'food': '5', 'restaurants': '34', 'bars': '3', 'shopping': '2', 'nightlife': '4', 'publicservicesgovt': '1', 'latin': '1'}
2017-08-27 13:25:45,454 tripit.py INFO recommend 570 yelpcity - Las Vegas, flavourscore - 0
2017-08-27 13:25:45,455 tripit.py INFO recommend 542 Yelp city - Reno categorycount - {'food': '12', 'restaurants': '24', 'localflavor': '3', 'bars': '7', 'eventservices': '1', 'nightlife': '1', 'arts': '1'}
2017-08-27 13:25:45,469 tripit.py INFO recommend 570 yelpcity - Reno, flavourscore - 0
2017-08-27 13:25:45,469 tripit.py INFO recommend 542 Yelp city - Brooklyn categorycount - {'food': '14', 'restaurants': '28', 'active': '1', 'bars': '3', 'nightlife': '2', 'gourmet': '1'}
2017-08-27 13:25:45,484 tripit.py INFO recommend 570 yelpcity - Brooklyn, flavourscore - 1
2017-08-27 13:25:45,484 tripit.py INFO recommend 542 Yelp city - Long Island City categorycount - {'food': '13', 'japanese': '2', 'bars': '4', 'beautysvc': '1', 'nightlife': '4', 'gourmet': '1', 'arts': '1', 'localservices': '1', 'auto': '1', 'restaurants': '22'}
2017-08-27 13:25:45,495 tripit.py INFO recommend 570 yelpcity - Long Island City, flavourscore - 0
2017-08-27 13:25:45,496 tripit.py INFO recommend 542 Yelp city - New York categorycount - {'food': '14', 'active': '5', 'bars': '2', 'restaurants': '26', 'mideastern': '1', 'publicservicesgovt': '2'}
2017-08-27 13:25:45,502 tripit.py INFO recommend 570 yelpcity - New York, flavourscore - 5
2017-08-27 13:25:45,502 tripit.py INFO recommend 542 Yelp city - Flushing categorycount - {'food': '7', 'japanese': '1', 'active': '1', 'chinese': '1', 'bars': '1', 'shopping': '1', 'restaurants': '38'}
2017-08-27 13:25:45,513 tripit.py INFO recommend 570 yelpcity - Flushing, flavourscore - 1
2017-08-27 13:25:45,513 tripit.py INFO recommend 542 Yelp city - Cincinnati categorycount - {'food': '7', 'restaurants': '27', 'active': '3', 'localflavor': '1', 'bars': '3', 'nightlife': '5', 'gourmet': '1'}
2017-08-27 13:25:45,521 tripit.py INFO recommend 570 yelpcity - Cincinnati, flavourscore - 3
2017-08-27 13:25:45,521 tripit.py INFO recommend 542 Yelp city - Cleveland categorycount - {'food': '15', 'restaurants': '23', 'chinese': '1', 'bars': '6', 'nightlife': '2', 'mediterranean': '1', 'publicservicesgovt': '2'}
2017-08-27 13:25:45,529 tripit.py INFO recommend 570 yelpcity - Cleveland, flavourscore - 0
2017-08-27 13:25:45,529 tripit.py INFO recommend 542 Yelp city - Columbus categorycount - {'food': '16', 'restaurants': '26', 'active': '1', 'bars': '2', 'nightlife': '3', 'arts': '2'}
2017-08-27 13:25:45,537 tripit.py INFO recommend 570 yelpcity - Columbus, flavourscore - 1
2017-08-27 13:25:45,537 tripit.py INFO recommend 542 Yelp city - Portland categorycount - {'food': '23', 'restaurants': '23', 'bars': '1', 'nightlife': '1', 'gourmet': '1', 'arts': '1'}
2017-08-27 13:25:45,547 tripit.py INFO recommend 570 yelpcity - Portland, flavourscore - 0
2017-08-27 13:25:45,547 tripit.py INFO recommend 542 Yelp city - Salem categorycount - {'nightlife': '2', 'japanese': '1', 'food': '10', 'restaurants': '37'}
2017-08-27 13:25:45,552 tripit.py INFO recommend 570 yelpcity - Salem, flavourscore - 0
2017-08-27 13:25:45,552 tripit.py INFO recommend 542 Yelp city - Philadelphia categorycount - {'food': '6', 'japanese': '1', 'active': '1', 'bars': '2', 'eventservices': '1', 'nightlife': '2', 'publicservicesgovt': '2', 'restaurants': '35'}
2017-08-27 13:25:45,561 tripit.py INFO recommend 570 yelpcity - Philadelphia, flavourscore - 1
2017-08-27 13:25:45,562 tripit.py INFO recommend 542 Yelp city - Pittsburgh categorycount - {'food': '11', 'restaurants': '31', 'localflavor': '1', 'nightlife': '1', 'wineries': '1', 'arts': '1', 'publicservicesgovt': '1'}
2017-08-27 13:25:45,577 tripit.py INFO recommend 570 yelpcity - Pittsburgh, flavourscore - 0
2017-08-27 13:25:45,577 tripit.py INFO recommend 542 Yelp city - Providence categorycount - {'food': '13', 'restaurants': '31', 'active': '1', 'localflavor': '1', 'bars': '1', 'nightlife': '3'}
2017-08-27 13:25:45,588 tripit.py INFO recommend 570 yelpcity - Providence, flavourscore - 1
2017-08-27 13:25:45,588 tripit.py INFO recommend 542 Yelp city - Charleston categorycount - {'food': '5', 'restaurants': '38', 'active': '1', 'pets': '1', 'bars': '1', 'nightlife': '1', 'mideastern': '1', 'gourmet': '2'}
2017-08-27 13:25:45,607 tripit.py INFO recommend 570 yelpcity - Charleston, flavourscore - 1
2017-08-27 13:25:45,607 tripit.py INFO recommend 542 Yelp city - Memphis categorycount - {'food': '7', 'restaurants': '32', 'localflavor': '1', 'parks': '1', 'shopping': '1', 'nightlife': '3', 'bars': '4', 'latin': '1'}
2017-08-27 13:25:45,616 tripit.py INFO recommend 570 yelpcity - Memphis, flavourscore - 0
2017-08-27 13:25:45,616 tripit.py INFO recommend 542 Yelp city - Nashville categorycount - {'food': '9', 'restaurants': '33', 'bars': '3', 'shopping': '1', 'nightlife': '1', 'mexican': '1', 'mideastern': '1', 'latin': '1'}
2017-08-27 13:25:45,626 tripit.py INFO recommend 570 yelpcity - Nashville, flavourscore - 0
2017-08-27 13:25:45,626 tripit.py INFO recommend 542 Yelp city - Austin categorycount - {'food': '13', 'active': '3', 'bars': '4', 'restaurants': '28', 'publicservicesgovt': '1', 'latin': '1'}
2017-08-27 13:25:45,636 tripit.py INFO recommend 570 yelpcity - Austin, flavourscore - 3
2017-08-27 13:25:45,636 tripit.py INFO recommend 542 Yelp city - Dallas categorycount - {'restaurants': '35', 'food': '8', 'active': '2', 'gourmet': '1', 'bars': '4'}
2017-08-27 13:25:45,641 tripit.py INFO recommend 570 yelpcity - Dallas, flavourscore - 2
2017-08-27 13:25:45,641 tripit.py INFO recommend 542 Yelp city - Houston categorycount - {'food': '12', 'japanese': '1', 'active': '3', 'bars': '3', 'restaurants': '28', 'nightlife': '2', 'mexican': '1'}
2017-08-27 13:25:45,649 tripit.py INFO recommend 570 yelpcity - Houston, flavourscore - 3
2017-08-27 13:25:45,649 tripit.py INFO recommend 542 Yelp city - San Antonio categorycount - {'restaurants': '29', 'food': '16', 'active': '2', 'arts': '1', 'bars': '2'}
2017-08-27 13:25:45,655 tripit.py INFO recommend 570 yelpcity - San Antonio, flavourscore - 2
2017-08-27 13:25:45,655 tripit.py INFO recommend 542 Yelp city - Salt Lake City categorycount - {'nightlife': '1', 'japanese': '1', 'active': '1', 'food': '13', 'restaurants': '34'}
2017-08-27 13:25:45,664 tripit.py INFO recommend 570 yelpcity - Salt Lake City, flavourscore - 1
2017-08-27 13:25:45,664 tripit.py INFO recommend 542 Yelp city - Alexandria categorycount - {'food': '8', 'active': '1', 'bars': '3', 'eventservices': '1', 'restaurants': '36', 'gourmet': '1'}
2017-08-27 13:25:45,671 tripit.py INFO recommend 570 yelpcity - Alexandria, flavourscore - 1
2017-08-27 13:25:45,671 tripit.py INFO recommend 542 Yelp city - Arlington categorycount - {'restaurants': '38', 'food': '6', 'mideastern': '2', 'bars': '3', 'latin': '1'}
2017-08-27 13:25:45,677 tripit.py INFO recommend 570 yelpcity - Arlington, flavourscore - 0
2017-08-27 13:25:45,677 tripit.py INFO recommend 542 Yelp city - Richmond categorycount - {'food': '11', 'active': '2', 'localflavor': '2', 'restaurants': '32', 'gourmet': '1', 'localservices': '1'}
2017-08-27 13:25:45,684 tripit.py INFO recommend 570 yelpcity - Richmond, flavourscore - 2
2017-08-27 13:25:45,684 tripit.py INFO recommend 542 Yelp city - Burlington categorycount - {'nightlife': '2', 'restaurants': '32', 'arts': '1', 'bars': '2', 'food': '13'}
2017-08-27 13:25:45,692 tripit.py INFO recommend 570 yelpcity - Burlington, flavourscore - 0
2017-08-27 13:25:45,692 tripit.py INFO recommend 542 Yelp city - Bellevue categorycount - {'food': '10', 'restaurants': '35', 'active': '2', 'chinese': '1', 'nightlife': '1', 'mexican': '1'}
2017-08-27 13:25:45,701 tripit.py INFO recommend 570 yelpcity - Bellevue, flavourscore - 2
2017-08-27 13:25:45,702 tripit.py INFO recommend 542 Yelp city - Redmond categorycount - {'food': '15', 'restaurants': '27', 'active': '2', 'chinese': '2', 'bars': '1', 'nightlife': '3'}
2017-08-27 13:25:45,711 tripit.py INFO recommend 570 yelpcity - Redmond, flavourscore - 2
2017-08-27 13:25:45,711 tripit.py INFO recommend 542 Yelp city - Seattle categorycount - {'food': '20', 'media': '1', 'active': '4', 'bars': '5', 'restaurants': '18', 'nightlife': '1', 'gourmet': '1'}
2017-08-27 13:25:45,725 tripit.py INFO recommend 570 yelpcity - Seattle, flavourscore - 4
2017-08-27 13:25:45,726 tripit.py INFO recommend 542 Yelp city - Madison categorycount - {'food': '12', 'restaurants': '31', 'bars': '1', 'nightlife': '2', 'education': '1', 'gourmet': '1', 'publicservicesgovt': '1', 'latin': '1'}
2017-08-27 13:25:45,736 tripit.py INFO recommend 570 yelpcity - Madison, flavourscore - 0
2017-08-27 13:25:45,736 tripit.py INFO recommend 542 Yelp city - Milwaukee categorycount - {'food': '8', 'restaurants': '27', 'active': '1', 'bars': '6', 'nightlife': '6', 'gourmet': '1'}
2017-08-27 13:25:45,743 tripit.py INFO recommend 570 yelpcity - Milwaukee, flavourscore - 1
2017-08-27 13:25:45,743 tripit.py DEBUG recommend 572 cityscores - {'San Diego': 1, 'Monterey': 1, 'Cupertino': 0, 'Richmond': 2, 'Princeton': 0, 'West Los Angeles': 0, 'Stockton': 0, 'Redmond': 2, 'Los Angeles': 0, 'Beverly Hills': 3, 'Berkeley': 1, 'Marina del Rey': 7, 'Brooklyn': 1, 'Mountain View': 2, 'Oakland': 3, 'Minneapolis': 2, 'Hartford': 1, 'Long Beach': 0, 'Honolulu': 2, 'Tucson': 0, 'Livermore': 0, 'Hayward': 1, 'Orange County': 0, 'Huntington Beach': 2, 'Milwaukee': 1, 'Long Island City': 0, 'Alhambra': 0, 'Saint Louis': 3, 'Sausalito': 3, 'Daly City': 1, 'Baltimore': 1, 'Foster City': 1, 'Salt Lake City': 1, 'Walnut Creek': 2, 'Culver City': 1, 'Dublin': 3, 'Mill Valley': 1, 'Madison': 0, 'Venice': 0, 'West Hollywood': 0, 'San Mateo': 4, 'South Lake Tahoe': 1, 'Nashville': 0, 'Glendale': 0, 'Cincinnati': 3, 'Miami': 0, 'Evanston': 1, 'Atlanta': 3, 'Redwood City': 0, 'New Haven': 0, 'Portland': 0, 'Alameda': 2, 'Park La Brea': 0, 'Columbus': 1, 'Denver': 0, 'Chicago': 5, 'San Leandro': 2, 'Albuquerque': 0, 'Belmont': 1, 'Westwood': 0, 'Menlo Park': 1, 'Santa Cruz': 0, 'Miami Beach': 1, 'Fort Lauderdale': 1, 'Newark': 0, 'Bellevue': 2, 'Washington DC': 1, 'Costa Mesa': 0, 'Healdsburg': 1, 'Santa Barbara': 2, 'Louisville': 1, 'Pleasanton': 1, 'Boulder': 1, 'Phoenix': 0, 'Santa Rosa': 0, 'Dallas': 2, 'Arlington': 0, 'Orlando': 1, 'New Orleans': 2, 'Union City': 0, 'Memphis': 0, 'Milpitas': 0, 'Fremont': 1, 'Sacramento': 1, 'Cleveland': 0, 'Somerville': 0, 'Boise': 1, 'Big Sur': 10, 'Alexandria': 1, 'Lahaina': 0, 'Redondo Beach': 0, 'La Jolla': 1, 'Cambridge': 1, 'Providence': 1, 'Tempe': 1, 'Gainesville': 2, 'San Rafael': 0, 'Schaumburg': 3, 'New York': 5, 'Studio City': 1, 'Flushing': 1, 'Santa Clara': 0, 'Philadelphia': 1, 'Naperville': 1, 'Millbrae': 1, 'Burlington': 0, 'Detroit': 2, 'Reno': 0, 'Salem': 0, 'Allston': 0, 'Sonoma': 2, 'Burbank': 0, 'Los Altos': 1, 'Indianapolis': 3, 'Iowa City': 0, 'Napa': 0, 'Austin': 3, 'Santa Fe': 0, 'Kansas City': 1, 'Scottsdale': 1, 'Palo Alto': 1, 'Pittsburgh': 0, 'Albany': 0, 'Brighton': 0, 'Santa Monica': 2, 'Newport Beach': 4, 'Los Gatos': 2, 'Davis': 1, 'Skokie': 1, 'Savannah': 1, 'Bloomington': 1, 'Brookline': 2, 'San Antonio': 2, 'Charlotte': 1, 'Saint Paul': 0, 'Durham': 0, 'Yountville': 2, 'San Carlos': 1, 'Pasadena': 0, 'San Jose': 1, 'Sunnyvale': 1, 'Tampa': 0, 'Emeryville': 2, 'Houston': 3, 'Ann Arbor': 2, 'Las Vegas': 0, 'Irvine': 4, 'Raleigh': 0, 'Anaheim': 0, 'Charleston': 1, 'Seattle': 4, 'San Bruno': 0, 'Boston': 5, 'Torrance': 1, 'San Francisco': 7, 'Concord': 0}
2017-08-27 13:25:45,743 tripit.py INFO recommend 576 The best city for purpose - Solo Travel and experience - skiing within the budget of 4000 is Big Sur
2017-08-27 13:25:45,743 tripit.py INFO debugrun 684 Recommended place - Big Sur
2017-08-27 13:25:45,743 tripit.py INFO debugrun 687 Flight from San Jose to Big Sur - 
